Connected to mongodb
----------Error deleting Australia from database----------
null
----------Error deleting Austria from database----------
null
----------Error deleting Azerbaijan from database----------
null
----------Error deleting Bangladesh from database----------
null
Error: Request failed with status code 429
    at createError (/Users/alphonsobradham/Desktop/diversifi/node_modules/axios/lib/core/createError.js:16:15)
    at settle (/Users/alphonsobradham/Desktop/diversifi/node_modules/axios/lib/core/settle.js:17:12)
    at IncomingMessage.handleStreamEnd (/Users/alphonsobradham/Desktop/diversifi/node_modules/axios/lib/adapters/http.js:322:11)
    at IncomingMessage.emit (node:events:402:35)
    at endReadableNT (node:internal/streams/readable:1343:12)
    at processTicksAndRejections (node:internal/process/task_queues:83:21) {
  config: {
    transitional: {
      silentJSONParsing: true,
      forcedJSONParsing: true,
      clarifyTimeoutError: false
    },
    adapter: [Function: httpAdapter],
    transformRequest: [ [Function: transformRequest] ],
    transformResponse: [ [Function: transformResponse] ],
    timeout: 0,
    xsrfCookieName: 'XSRF-TOKEN',
    xsrfHeaderName: 'X-XSRF-TOKEN',
    maxContentLength: -1,
    maxBodyLength: -1,
    validateStatus: [Function: validateStatus],
    headers: {
      Accept: 'application/json, text/plain, */*',
      Authorization: 'Bearer BQDMjLVtREF4KthIl-IFxZ5R1lkEyKdGJAuhRlu8bLyay9GbmS4EPgyeiH31MmsAJwFydr0SbOGA5C7-wd8',
      'User-Agent': 'axios/0.26.1'
    },
    method: 'get',
    url: 'https://api.spotify.com/v1/playlists/0CrHEU9xvMEkT7Pu4Bu1gg/tracks?limit=50&offset=50',
    data: undefined
  },
  request: <ref *1> ClientRequest {
    _events: [Object: null prototype] {
      abort: [Function (anonymous)],
      aborted: [Function (anonymous)],
      connect: [Function (anonymous)],
      error: [Function (anonymous)],
      socket: [Function (anonymous)],
      timeout: [Function (anonymous)],
      prefinish: [Function: requestOnPrefinish]
    },
    _eventsCount: 7,
    _maxListeners: undefined,
    outputData: [],
    outputSize: 0,
    writable: true,
    destroyed: false,
    _last: true,
    chunkedEncoding: false,
    shouldKeepAlive: false,
    maxRequestsOnConnectionReached: false,
    _defaultKeepAlive: true,
    useChunkedEncodingByDefault: false,
    sendDate: false,
    _removedConnection: false,
    _removedContLen: false,
    _removedTE: false,
    _contentLength: 0,
    _hasBody: true,
    _trailer: '',
    finished: true,
    _headerSent: true,
    _closed: false,
    socket: TLSSocket {
      _tlsOptions: [Object],
      _secureEstablished: true,
      _securePending: false,
      _newSessionPending: false,
      _controlReleased: true,
      secureConnecting: false,
      _SNICallback: null,
      servername: 'api.spotify.com',
      alpnProtocol: false,
      authorized: true,
      authorizationError: null,
      encrypted: true,
      _events: [Object: null prototype],
      _eventsCount: 10,
      connecting: false,
      _hadError: false,
      _parent: null,
      _host: 'api.spotify.com',
      _readableState: [ReadableState],
      _maxListeners: undefined,
      _writableState: [WritableState],
      allowHalfOpen: false,
      _sockname: null,
      _pendingData: null,
      _pendingEncoding: '',
      server: undefined,
      _server: null,
      ssl: [TLSWrap],
      _requestCert: true,
      _rejectUnauthorized: true,
      parser: null,
      _httpMessage: [Circular *1],
      [Symbol(res)]: [TLSWrap],
      [Symbol(verified)]: true,
      [Symbol(pendingSession)]: null,
      [Symbol(async_id_symbol)]: 35989,
      [Symbol(kHandle)]: [TLSWrap],
      [Symbol(kSetNoDelay)]: false,
      [Symbol(lastWriteQueueSize)]: 0,
      [Symbol(timeout)]: null,
      [Symbol(kBuffer)]: null,
      [Symbol(kBufferCb)]: null,
      [Symbol(kBufferGen)]: null,
      [Symbol(kCapture)]: false,
      [Symbol(kBytesRead)]: 0,
      [Symbol(kBytesWritten)]: 0,
      [Symbol(connect-options)]: [Object],
      [Symbol(RequestTimeout)]: undefined
    },
    _header: 'GET /v1/playlists/0CrHEU9xvMEkT7Pu4Bu1gg/tracks?limit=50&offset=50 HTTP/1.1\r\n' +
      'Accept: application/json, text/plain, */*\r\n' +
      'Authorization: Bearer BQDMjLVtREF4KthIl-IFxZ5R1lkEyKdGJAuhRlu8bLyay9GbmS4EPgyeiH31MmsAJwFydr0SbOGA5C7-wd8\r\n' +
      'User-Agent: axios/0.26.1\r\n' +
      'Host: api.spotify.com\r\n' +
      'Connection: close\r\n' +
      '\r\n',
    _keepAliveTimeout: 0,
    _onPendingData: [Function: nop],
    agent: Agent {
      _events: [Object: null prototype],
      _eventsCount: 2,
      _maxListeners: undefined,
      defaultPort: 443,
      protocol: 'https:',
      options: [Object: null prototype],
      requests: [Object: null prototype] {},
      sockets: [Object: null prototype],
      freeSockets: [Object: null prototype] {},
      keepAliveMsecs: 1000,
      keepAlive: false,
      maxSockets: Infinity,
      maxFreeSockets: 256,
      scheduling: 'lifo',
      maxTotalSockets: Infinity,
      totalSocketCount: 22,
      maxCachedSessions: 100,
      _sessionCache: [Object],
      [Symbol(kCapture)]: false
    },
    socketPath: undefined,
    method: 'GET',
    maxHeaderSize: undefined,
    insecureHTTPParser: undefined,
    path: '/v1/playlists/0CrHEU9xvMEkT7Pu4Bu1gg/tracks?limit=50&offset=50',
    _ended: true,
    res: IncomingMessage {
      _readableState: [ReadableState],
      _events: [Object: null prototype],
      _eventsCount: 4,
      _maxListeners: undefined,
      socket: [TLSSocket],
      httpVersionMajor: 1,
      httpVersionMinor: 1,
      httpVersion: '1.1',
      complete: true,
      rawHeaders: [Array],
      rawTrailers: [],
      aborted: false,
      upgrade: false,
      url: '',
      method: null,
      statusCode: 429,
      statusMessage: 'Too Many Requests',
      client: [TLSSocket],
      _consuming: false,
      _dumped: false,
      req: [Circular *1],
      responseUrl: 'https://api.spotify.com/v1/playlists/0CrHEU9xvMEkT7Pu4Bu1gg/tracks?limit=50&offset=50',
      redirects: [],
      [Symbol(kCapture)]: false,
      [Symbol(kHeaders)]: [Object],
      [Symbol(kHeadersCount)]: 32,
      [Symbol(kTrailers)]: null,
      [Symbol(kTrailersCount)]: 0,
      [Symbol(RequestTimeout)]: undefined
    },
    aborted: false,
    timeoutCb: null,
    upgradeOrConnect: false,
    parser: null,
    maxHeadersCount: null,
    reusedSocket: false,
    host: 'api.spotify.com',
    protocol: 'https:',
    _redirectable: Writable {
      _writableState: [WritableState],
      _events: [Object: null prototype],
      _eventsCount: 3,
      _maxListeners: undefined,
      _options: [Object],
      _ended: true,
      _ending: true,
      _redirectCount: 0,
      _redirects: [],
      _requestBodyLength: 0,
      _requestBodyBuffers: [],
      _onNativeResponse: [Function (anonymous)],
      _currentRequest: [Circular *1],
      _currentUrl: 'https://api.spotify.com/v1/playlists/0CrHEU9xvMEkT7Pu4Bu1gg/tracks?limit=50&offset=50',
      [Symbol(kCapture)]: false
    },
    [Symbol(kCapture)]: false,
    [Symbol(kNeedDrain)]: false,
    [Symbol(corked)]: 0,
    [Symbol(kOutHeaders)]: [Object: null prototype] {
      accept: [Array],
      authorization: [Array],
      'user-agent': [Array],
      host: [Array]
    }
  },
  response: {
    status: 429,
    statusText: 'Too Many Requests',
    headers: {
      'access-control-allow-origin': '*',
      'access-control-allow-headers': 'Accept, App-Platform, Authorization, Content-Type, Origin, Retry-After, Spotify-App-Version, X-Cloud-Trace-Context, client-token, content-access-token',
      'access-control-allow-methods': 'GET, POST, OPTIONS, PUT, DELETE, PATCH',
      'access-control-allow-credentials': 'true',
      'access-control-max-age': '604800',
      'retry-after': '1',
      'access-control-expose-headers': 'Retry-After',
      'content-length': '80',
      'strict-transport-security': 'max-age=31536000',
      'x-content-type-options': 'nosniff',
      vary: 'Accept-Encoding',
      date: 'Sun, 17 Apr 2022 01:35:42 GMT',
      server: 'envoy',
      via: 'HTTP/2 edgeproxy, 1.1 google',
      'alt-svc': 'clear',
      connection: 'close'
    },
    config: {
      transitional: [Object],
      adapter: [Function: httpAdapter],
      transformRequest: [Array],
      transformResponse: [Array],
      timeout: 0,
      xsrfCookieName: 'XSRF-TOKEN',
      xsrfHeaderName: 'X-XSRF-TOKEN',
      maxContentLength: -1,
      maxBodyLength: -1,
      validateStatus: [Function: validateStatus],
      headers: [Object],
      method: 'get',
      url: 'https://api.spotify.com/v1/playlists/0CrHEU9xvMEkT7Pu4Bu1gg/tracks?limit=50&offset=50',
      data: undefined
    },
    request: <ref *1> ClientRequest {
      _events: [Object: null prototype],
      _eventsCount: 7,
      _maxListeners: undefined,
      outputData: [],
      outputSize: 0,
      writable: true,
      destroyed: false,
      _last: true,
      chunkedEncoding: false,
      shouldKeepAlive: false,
      maxRequestsOnConnectionReached: false,
      _defaultKeepAlive: true,
      useChunkedEncodingByDefault: false,
      sendDate: false,
      _removedConnection: false,
      _removedContLen: false,
      _removedTE: false,
      _contentLength: 0,
      _hasBody: true,
      _trailer: '',
      finished: true,
      _headerSent: true,
      _closed: false,
      socket: [TLSSocket],
      _header: 'GET /v1/playlists/0CrHEU9xvMEkT7Pu4Bu1gg/tracks?limit=50&offset=50 HTTP/1.1\r\n' +
        'Accept: application/json, text/plain, */*\r\n' +
        'Authorization: Bearer BQDMjLVtREF4KthIl-IFxZ5R1lkEyKdGJAuhRlu8bLyay9GbmS4EPgyeiH31MmsAJwFydr0SbOGA5C7-wd8\r\n' +
        'User-Agent: axios/0.26.1\r\n' +
        'Host: api.spotify.com\r\n' +
        'Connection: close\r\n' +
        '\r\n',
      _keepAliveTimeout: 0,
      _onPendingData: [Function: nop],
      agent: [Agent],
      socketPath: undefined,
      method: 'GET',
      maxHeaderSize: undefined,
      insecureHTTPParser: undefined,
      path: '/v1/playlists/0CrHEU9xvMEkT7Pu4Bu1gg/tracks?limit=50&offset=50',
      _ended: true,
      res: [IncomingMessage],
      aborted: false,
      timeoutCb: null,
      upgradeOrConnect: false,
      parser: null,
      maxHeadersCount: null,
      reusedSocket: false,
      host: 'api.spotify.com',
      protocol: 'https:',
      _redirectable: [Writable],
      [Symbol(kCapture)]: false,
      [Symbol(kNeedDrain)]: false,
      [Symbol(corked)]: 0,
      [Symbol(kOutHeaders)]: [Object: null prototype]
    },
    data: { error: [Object] }
  },
  isAxiosError: true,
  toJSON: [Function: toJSON]
}
Error: Request failed with status code 429
    at createError (/Users/alphonsobradham/Desktop/diversifi/node_modules/axios/lib/core/createError.js:16:15)
    at settle (/Users/alphonsobradham/Desktop/diversifi/node_modules/axios/lib/core/settle.js:17:12)
    at IncomingMessage.handleStreamEnd (/Users/alphonsobradham/Desktop/diversifi/node_modules/axios/lib/adapters/http.js:322:11)
    at IncomingMessage.emit (node:events:402:35)
    at endReadableNT (node:internal/streams/readable:1343:12)
    at processTicksAndRejections (node:internal/process/task_queues:83:21) {
  config: {
    transitional: {
      silentJSONParsing: true,
      forcedJSONParsing: true,
      clarifyTimeoutError: false
    },
    adapter: [Function: httpAdapter],
    transformRequest: [ [Function: transformRequest] ],
    transformResponse: [ [Function: transformResponse] ],
    timeout: 0,
    xsrfCookieName: 'XSRF-TOKEN',
    xsrfHeaderName: 'X-XSRF-TOKEN',
    maxContentLength: -1,
    maxBodyLength: -1,
    validateStatus: [Function: validateStatus],
    headers: {
      Accept: 'application/json, text/plain, */*',
      Authorization: 'Bearer BQDMjLVtREF4KthIl-IFxZ5R1lkEyKdGJAuhRlu8bLyay9GbmS4EPgyeiH31MmsAJwFydr0SbOGA5C7-wd8',
      'User-Agent': 'axios/0.26.1'
    },
    method: 'get',
    url: 'https://api.spotify.com/v1/playlists/5CpWuP9yvtjE7A0Wyll717/tracks?limit=50&offset=50',
    data: undefined
  },
  request: <ref *1> ClientRequest {
    _events: [Object: null prototype] {
      abort: [Function (anonymous)],
      aborted: [Function (anonymous)],
      connect: [Function (anonymous)],
      error: [Function (anonymous)],
      socket: [Function (anonymous)],
      timeout: [Function (anonymous)],
      prefinish: [Function: requestOnPrefinish]
    },
    _eventsCount: 7,
    _maxListeners: undefined,
    outputData: [],
    outputSize: 0,
    writable: true,
    destroyed: false,
    _last: true,
    chunkedEncoding: false,
    shouldKeepAlive: false,
    maxRequestsOnConnectionReached: false,
    _defaultKeepAlive: true,
    useChunkedEncodingByDefault: false,
    sendDate: false,
    _removedConnection: false,
    _removedContLen: false,
    _removedTE: false,
    _contentLength: 0,
    _hasBody: true,
    _trailer: '',
    finished: true,
    _headerSent: true,
    _closed: false,
    socket: TLSSocket {
      _tlsOptions: [Object],
      _secureEstablished: true,
      _securePending: false,
      _newSessionPending: false,
      _controlReleased: true,
      secureConnecting: false,
      _SNICallback: null,
      servername: 'api.spotify.com',
      alpnProtocol: false,
      authorized: true,
      authorizationError: null,
      encrypted: true,
      _events: [Object: null prototype],
      _eventsCount: 10,
      connecting: false,
      _hadError: false,
      _parent: null,
      _host: 'api.spotify.com',
      _readableState: [ReadableState],
      _maxListeners: undefined,
      _writableState: [WritableState],
      allowHalfOpen: false,
      _sockname: null,
      _pendingData: null,
      _pendingEncoding: '',
      server: undefined,
      _server: null,
      ssl: [TLSWrap],
      _requestCert: true,
      _rejectUnauthorized: true,
      parser: null,
      _httpMessage: [Circular *1],
      [Symbol(res)]: [TLSWrap],
      [Symbol(verified)]: true,
      [Symbol(pendingSession)]: null,
      [Symbol(async_id_symbol)]: 36049,
      [Symbol(kHandle)]: [TLSWrap],
      [Symbol(kSetNoDelay)]: false,
      [Symbol(lastWriteQueueSize)]: 0,
      [Symbol(timeout)]: null,
      [Symbol(kBuffer)]: null,
      [Symbol(kBufferCb)]: null,
      [Symbol(kBufferGen)]: null,
      [Symbol(kCapture)]: false,
      [Symbol(kBytesRead)]: 0,
      [Symbol(kBytesWritten)]: 0,
      [Symbol(connect-options)]: [Object],
      [Symbol(RequestTimeout)]: undefined
    },
    _header: 'GET /v1/playlists/5CpWuP9yvtjE7A0Wyll717/tracks?limit=50&offset=50 HTTP/1.1\r\n' +
      'Accept: application/json, text/plain, */*\r\n' +
      'Authorization: Bearer BQDMjLVtREF4KthIl-IFxZ5R1lkEyKdGJAuhRlu8bLyay9GbmS4EPgyeiH31MmsAJwFydr0SbOGA5C7-wd8\r\n' +
      'User-Agent: axios/0.26.1\r\n' +
      'Host: api.spotify.com\r\n' +
      'Connection: close\r\n' +
      '\r\n',
    _keepAliveTimeout: 0,
    _onPendingData: [Function: nop],
    agent: Agent {
      _events: [Object: null prototype],
      _eventsCount: 2,
      _maxListeners: undefined,
      defaultPort: 443,
      protocol: 'https:',
      options: [Object: null prototype],
      requests: [Object: null prototype] {},
      sockets: [Object: null prototype],
      freeSockets: [Object: null prototype] {},
      keepAliveMsecs: 1000,
      keepAlive: false,
      maxSockets: Infinity,
      maxFreeSockets: 256,
      scheduling: 'lifo',
      maxTotalSockets: Infinity,
      totalSocketCount: 22,
      maxCachedSessions: 100,
      _sessionCache: [Object],
      [Symbol(kCapture)]: false
    },
    socketPath: undefined,
    method: 'GET',
    maxHeaderSize: undefined,
    insecureHTTPParser: undefined,
    path: '/v1/playlists/5CpWuP9yvtjE7A0Wyll717/tracks?limit=50&offset=50',
    _ended: true,
    res: IncomingMessage {
      _readableState: [ReadableState],
      _events: [Object: null prototype],
      _eventsCount: 4,
      _maxListeners: undefined,
      socket: [TLSSocket],
      httpVersionMajor: 1,
      httpVersionMinor: 1,
      httpVersion: '1.1',
      complete: true,
      rawHeaders: [Array],
      rawTrailers: [],
      aborted: false,
      upgrade: false,
      url: '',
      method: null,
      statusCode: 429,
      statusMessage: 'Too Many Requests',
      client: [TLSSocket],
      _consuming: false,
      _dumped: false,
      req: [Circular *1],
      responseUrl: 'https://api.spotify.com/v1/playlists/5CpWuP9yvtjE7A0Wyll717/tracks?limit=50&offset=50',
      redirects: [],
      [Symbol(kCapture)]: false,
      [Symbol(kHeaders)]: [Object],
      [Symbol(kHeadersCount)]: 32,
      [Symbol(kTrailers)]: null,
      [Symbol(kTrailersCount)]: 0,
      [Symbol(RequestTimeout)]: undefined
    },
    aborted: false,
    timeoutCb: null,
    upgradeOrConnect: false,
    parser: null,
    maxHeadersCount: null,
    reusedSocket: false,
    host: 'api.spotify.com',
    protocol: 'https:',
    _redirectable: Writable {
      _writableState: [WritableState],
      _events: [Object: null prototype],
      _eventsCount: 3,
      _maxListeners: undefined,
      _options: [Object],
      _ended: true,
      _ending: true,
      _redirectCount: 0,
      _redirects: [],
      _requestBodyLength: 0,
      _requestBodyBuffers: [],
      _onNativeResponse: [Function (anonymous)],
      _currentRequest: [Circular *1],
      _currentUrl: 'https://api.spotify.com/v1/playlists/5CpWuP9yvtjE7A0Wyll717/tracks?limit=50&offset=50',
      [Symbol(kCapture)]: false
    },
    [Symbol(kCapture)]: false,
    [Symbol(kNeedDrain)]: false,
    [Symbol(corked)]: 0,
    [Symbol(kOutHeaders)]: [Object: null prototype] {
      accept: [Array],
      authorization: [Array],
      'user-agent': [Array],
      host: [Array]
    }
  },
  response: {
    status: 429,
    statusText: 'Too Many Requests',
    headers: {
      'access-control-allow-origin': '*',
      'access-control-allow-headers': 'Accept, App-Platform, Authorization, Content-Type, Origin, Retry-After, Spotify-App-Version, X-Cloud-Trace-Context, client-token, content-access-token',
      'access-control-allow-methods': 'GET, POST, OPTIONS, PUT, DELETE, PATCH',
      'access-control-allow-credentials': 'true',
      'access-control-max-age': '604800',
      'retry-after': '1',
      'access-control-expose-headers': 'Retry-After',
      'content-length': '80',
      'strict-transport-security': 'max-age=31536000',
      'x-content-type-options': 'nosniff',
      vary: 'Accept-Encoding',
      date: 'Sun, 17 Apr 2022 01:35:42 GMT',
      server: 'envoy',
      via: 'HTTP/2 edgeproxy, 1.1 google',
      'alt-svc': 'clear',
      connection: 'close'
    },
    config: {
      transitional: [Object],
      adapter: [Function: httpAdapter],
      transformRequest: [Array],
      transformResponse: [Array],
      timeout: 0,
      xsrfCookieName: 'XSRF-TOKEN',
      xsrfHeaderName: 'X-XSRF-TOKEN',
      maxContentLength: -1,
      maxBodyLength: -1,
      validateStatus: [Function: validateStatus],
      headers: [Object],
      method: 'get',
      url: 'https://api.spotify.com/v1/playlists/5CpWuP9yvtjE7A0Wyll717/tracks?limit=50&offset=50',
      data: undefined
    },
    request: <ref *1> ClientRequest {
      _events: [Object: null prototype],
      _eventsCount: 7,
      _maxListeners: undefined,
      outputData: [],
      outputSize: 0,
      writable: true,
      destroyed: false,
      _last: true,
      chunkedEncoding: false,
      shouldKeepAlive: false,
      maxRequestsOnConnectionReached: false,
      _defaultKeepAlive: true,
      useChunkedEncodingByDefault: false,
      sendDate: false,
      _removedConnection: false,
      _removedContLen: false,
      _removedTE: false,
      _contentLength: 0,
      _hasBody: true,
      _trailer: '',
      finished: true,
      _headerSent: true,
      _closed: false,
      socket: [TLSSocket],
      _header: 'GET /v1/playlists/5CpWuP9yvtjE7A0Wyll717/tracks?limit=50&offset=50 HTTP/1.1\r\n' +
        'Accept: application/json, text/plain, */*\r\n' +
        'Authorization: Bearer BQDMjLVtREF4KthIl-IFxZ5R1lkEyKdGJAuhRlu8bLyay9GbmS4EPgyeiH31MmsAJwFydr0SbOGA5C7-wd8\r\n' +
        'User-Agent: axios/0.26.1\r\n' +
        'Host: api.spotify.com\r\n' +
        'Connection: close\r\n' +
        '\r\n',
      _keepAliveTimeout: 0,
      _onPendingData: [Function: nop],
      agent: [Agent],
      socketPath: undefined,
      method: 'GET',
      maxHeaderSize: undefined,
      insecureHTTPParser: undefined,
      path: '/v1/playlists/5CpWuP9yvtjE7A0Wyll717/tracks?limit=50&offset=50',
      _ended: true,
      res: [IncomingMessage],
      aborted: false,
      timeoutCb: null,
      upgradeOrConnect: false,
      parser: null,
      maxHeadersCount: null,
      reusedSocket: false,
      host: 'api.spotify.com',
      protocol: 'https:',
      _redirectable: [Writable],
      [Symbol(kCapture)]: false,
      [Symbol(kNeedDrain)]: false,
      [Symbol(corked)]: 0,
      [Symbol(kOutHeaders)]: [Object: null prototype]
    },
    data: { error: [Object] }
  },
  isAxiosError: true,
  toJSON: [Function: toJSON]
}
Error: Request failed with status code 429
    at createError (/Users/alphonsobradham/Desktop/diversifi/node_modules/axios/lib/core/createError.js:16:15)
    at settle (/Users/alphonsobradham/Desktop/diversifi/node_modules/axios/lib/core/settle.js:17:12)
    at IncomingMessage.handleStreamEnd (/Users/alphonsobradham/Desktop/diversifi/node_modules/axios/lib/adapters/http.js:322:11)
    at IncomingMessage.emit (node:events:402:35)
    at endReadableNT (node:internal/streams/readable:1343:12)
    at processTicksAndRejections (node:internal/process/task_queues:83:21) {
  config: {
    transitional: {
      silentJSONParsing: true,
      forcedJSONParsing: true,
      clarifyTimeoutError: false
    },
    adapter: [Function: httpAdapter],
    transformRequest: [ [Function: transformRequest] ],
    transformResponse: [ [Function: transformResponse] ],
    timeout: 0,
    xsrfCookieName: 'XSRF-TOKEN',
    xsrfHeaderName: 'X-XSRF-TOKEN',
    maxContentLength: -1,
    maxBodyLength: -1,
    validateStatus: [Function: validateStatus],
    headers: {
      Accept: 'application/json, text/plain, */*',
      Authorization: 'Bearer BQDMjLVtREF4KthIl-IFxZ5R1lkEyKdGJAuhRlu8bLyay9GbmS4EPgyeiH31MmsAJwFydr0SbOGA5C7-wd8',
      'User-Agent': 'axios/0.26.1'
    },
    method: 'get',
    url: 'https://api.spotify.com/v1/playlists/7M36WkbSUBjxXLUA6AUVOv/tracks?limit=50&offset=0',
    data: undefined
  },
  request: <ref *1> ClientRequest {
    _events: [Object: null prototype] {
      abort: [Function (anonymous)],
      aborted: [Function (anonymous)],
      connect: [Function (anonymous)],
      error: [Function (anonymous)],
      socket: [Function (anonymous)],
      timeout: [Function (anonymous)],
      prefinish: [Function: requestOnPrefinish]
    },
    _eventsCount: 7,
    _maxListeners: undefined,
    outputData: [],
    outputSize: 0,
    writable: true,
    destroyed: false,
    _last: true,
    chunkedEncoding: false,
    shouldKeepAlive: false,
    maxRequestsOnConnectionReached: false,
    _defaultKeepAlive: true,
    useChunkedEncodingByDefault: false,
    sendDate: false,
    _removedConnection: false,
    _removedContLen: false,
    _removedTE: false,
    _contentLength: 0,
    _hasBody: true,
    _trailer: '',
    finished: true,
    _headerSent: true,
    _closed: false,
    socket: TLSSocket {
      _tlsOptions: [Object],
      _secureEstablished: true,
      _securePending: false,
      _newSessionPending: false,
      _controlReleased: true,
      secureConnecting: false,
      _SNICallback: null,
      servername: 'api.spotify.com',
      alpnProtocol: false,
      authorized: true,
      authorizationError: null,
      encrypted: true,
      _events: [Object: null prototype],
      _eventsCount: 10,
      connecting: false,
      _hadError: false,
      _parent: null,
      _host: 'api.spotify.com',
      _readableState: [ReadableState],
      _maxListeners: undefined,
      _writableState: [WritableState],
      allowHalfOpen: false,
      _sockname: null,
      _pendingData: null,
      _pendingEncoding: '',
      server: undefined,
      _server: null,
      ssl: [TLSWrap],
      _requestCert: true,
      _rejectUnauthorized: true,
      parser: null,
      _httpMessage: [Circular *1],
      [Symbol(res)]: [TLSWrap],
      [Symbol(verified)]: true,
      [Symbol(pendingSession)]: null,
      [Symbol(async_id_symbol)]: 36014,
      [Symbol(kHandle)]: [TLSWrap],
      [Symbol(kSetNoDelay)]: false,
      [Symbol(lastWriteQueueSize)]: 0,
      [Symbol(timeout)]: null,
      [Symbol(kBuffer)]: null,
      [Symbol(kBufferCb)]: null,
      [Symbol(kBufferGen)]: null,
      [Symbol(kCapture)]: false,
      [Symbol(kBytesRead)]: 0,
      [Symbol(kBytesWritten)]: 0,
      [Symbol(connect-options)]: [Object],
      [Symbol(RequestTimeout)]: undefined
    },
    _header: 'GET /v1/playlists/7M36WkbSUBjxXLUA6AUVOv/tracks?limit=50&offset=0 HTTP/1.1\r\n' +
      'Accept: application/json, text/plain, */*\r\n' +
      'Authorization: Bearer BQDMjLVtREF4KthIl-IFxZ5R1lkEyKdGJAuhRlu8bLyay9GbmS4EPgyeiH31MmsAJwFydr0SbOGA5C7-wd8\r\n' +
      'User-Agent: axios/0.26.1\r\n' +
      'Host: api.spotify.com\r\n' +
      'Connection: close\r\n' +
      '\r\n',
    _keepAliveTimeout: 0,
    _onPendingData: [Function: nop],
    agent: Agent {
      _events: [Object: null prototype],
      _eventsCount: 2,
      _maxListeners: undefined,
      defaultPort: 443,
      protocol: 'https:',
      options: [Object: null prototype],
      requests: [Object: null prototype] {},
      sockets: [Object: null prototype],
      freeSockets: [Object: null prototype] {},
      keepAliveMsecs: 1000,
      keepAlive: false,
      maxSockets: Infinity,
      maxFreeSockets: 256,
      scheduling: 'lifo',
      maxTotalSockets: Infinity,
      totalSocketCount: 22,
      maxCachedSessions: 100,
      _sessionCache: [Object],
      [Symbol(kCapture)]: false
    },
    socketPath: undefined,
    method: 'GET',
    maxHeaderSize: undefined,
    insecureHTTPParser: undefined,
    path: '/v1/playlists/7M36WkbSUBjxXLUA6AUVOv/tracks?limit=50&offset=0',
    _ended: true,
    res: IncomingMessage {
      _readableState: [ReadableState],
      _events: [Object: null prototype],
      _eventsCount: 4,
      _maxListeners: undefined,
      socket: [TLSSocket],
      httpVersionMajor: 1,
      httpVersionMinor: 1,
      httpVersion: '1.1',
      complete: true,
      rawHeaders: [Array],
      rawTrailers: [],
      aborted: false,
      upgrade: false,
      url: '',
      method: null,
      statusCode: 429,
      statusMessage: 'Too Many Requests',
      client: [TLSSocket],
      _consuming: false,
      _dumped: false,
      req: [Circular *1],
      responseUrl: 'https://api.spotify.com/v1/playlists/7M36WkbSUBjxXLUA6AUVOv/tracks?limit=50&offset=0',
      redirects: [],
      [Symbol(kCapture)]: false,
      [Symbol(kHeaders)]: [Object],
      [Symbol(kHeadersCount)]: 32,
      [Symbol(kTrailers)]: null,
      [Symbol(kTrailersCount)]: 0,
      [Symbol(RequestTimeout)]: undefined
    },
    aborted: false,
    timeoutCb: null,
    upgradeOrConnect: false,
    parser: null,
    maxHeadersCount: null,
    reusedSocket: false,
    host: 'api.spotify.com',
    protocol: 'https:',
    _redirectable: Writable {
      _writableState: [WritableState],
      _events: [Object: null prototype],
      _eventsCount: 3,
      _maxListeners: undefined,
      _options: [Object],
      _ended: true,
      _ending: true,
      _redirectCount: 0,
      _redirects: [],
      _requestBodyLength: 0,
      _requestBodyBuffers: [],
      _onNativeResponse: [Function (anonymous)],
      _currentRequest: [Circular *1],
      _currentUrl: 'https://api.spotify.com/v1/playlists/7M36WkbSUBjxXLUA6AUVOv/tracks?limit=50&offset=0',
      [Symbol(kCapture)]: false
    },
    [Symbol(kCapture)]: false,
    [Symbol(kNeedDrain)]: false,
    [Symbol(corked)]: 0,
    [Symbol(kOutHeaders)]: [Object: null prototype] {
      accept: [Array],
      authorization: [Array],
      'user-agent': [Array],
      host: [Array]
    }
  },
  response: {
    status: 429,
    statusText: 'Too Many Requests',
    headers: {
      'access-control-allow-origin': '*',
      'access-control-allow-headers': 'Accept, App-Platform, Authorization, Content-Type, Origin, Retry-After, Spotify-App-Version, X-Cloud-Trace-Context, client-token, content-access-token',
      'access-control-allow-methods': 'GET, POST, OPTIONS, PUT, DELETE, PATCH',
      'access-control-allow-credentials': 'true',
      'access-control-max-age': '604800',
      'retry-after': '1',
      'access-control-expose-headers': 'Retry-After',
      'content-length': '80',
      'strict-transport-security': 'max-age=31536000',
      'x-content-type-options': 'nosniff',
      vary: 'Accept-Encoding',
      date: 'Sun, 17 Apr 2022 01:35:42 GMT',
      server: 'envoy',
      via: 'HTTP/2 edgeproxy, 1.1 google',
      'alt-svc': 'clear',
      connection: 'close'
    },
    config: {
      transitional: [Object],
      adapter: [Function: httpAdapter],
      transformRequest: [Array],
      transformResponse: [Array],
      timeout: 0,
      xsrfCookieName: 'XSRF-TOKEN',
      xsrfHeaderName: 'X-XSRF-TOKEN',
      maxContentLength: -1,
      maxBodyLength: -1,
      validateStatus: [Function: validateStatus],
      headers: [Object],
      method: 'get',
      url: 'https://api.spotify.com/v1/playlists/7M36WkbSUBjxXLUA6AUVOv/tracks?limit=50&offset=0',
      data: undefined
    },
    request: <ref *1> ClientRequest {
      _events: [Object: null prototype],
      _eventsCount: 7,
      _maxListeners: undefined,
      outputData: [],
      outputSize: 0,
      writable: true,
      destroyed: false,
      _last: true,
      chunkedEncoding: false,
      shouldKeepAlive: false,
      maxRequestsOnConnectionReached: false,
      _defaultKeepAlive: true,
      useChunkedEncodingByDefault: false,
      sendDate: false,
      _removedConnection: false,
      _removedContLen: false,
      _removedTE: false,
      _contentLength: 0,
      _hasBody: true,
      _trailer: '',
      finished: true,
      _headerSent: true,
      _closed: false,
      socket: [TLSSocket],
      _header: 'GET /v1/playlists/7M36WkbSUBjxXLUA6AUVOv/tracks?limit=50&offset=0 HTTP/1.1\r\n' +
        'Accept: application/json, text/plain, */*\r\n' +
        'Authorization: Bearer BQDMjLVtREF4KthIl-IFxZ5R1lkEyKdGJAuhRlu8bLyay9GbmS4EPgyeiH31MmsAJwFydr0SbOGA5C7-wd8\r\n' +
        'User-Agent: axios/0.26.1\r\n' +
        'Host: api.spotify.com\r\n' +
        'Connection: close\r\n' +
        '\r\n',
      _keepAliveTimeout: 0,
      _onPendingData: [Function: nop],
      agent: [Agent],
      socketPath: undefined,
      method: 'GET',
      maxHeaderSize: undefined,
      insecureHTTPParser: undefined,
      path: '/v1/playlists/7M36WkbSUBjxXLUA6AUVOv/tracks?limit=50&offset=0',
      _ended: true,
      res: [IncomingMessage],
      aborted: false,
      timeoutCb: null,
      upgradeOrConnect: false,
      parser: null,
      maxHeadersCount: null,
      reusedSocket: false,
      host: 'api.spotify.com',
      protocol: 'https:',
      _redirectable: [Writable],
      [Symbol(kCapture)]: false,
      [Symbol(kNeedDrain)]: false,
      [Symbol(corked)]: 0,
      [Symbol(kOutHeaders)]: [Object: null prototype]
    },
    data: { error: [Object] }
  },
  isAxiosError: true,
  toJSON: [Function: toJSON]
}
Error: Request failed with status code 429
    at createError (/Users/alphonsobradham/Desktop/diversifi/node_modules/axios/lib/core/createError.js:16:15)
    at settle (/Users/alphonsobradham/Desktop/diversifi/node_modules/axios/lib/core/settle.js:17:12)
    at IncomingMessage.handleStreamEnd (/Users/alphonsobradham/Desktop/diversifi/node_modules/axios/lib/adapters/http.js:322:11)
    at IncomingMessage.emit (node:events:402:35)
    at endReadableNT (node:internal/streams/readable:1343:12)
    at processTicksAndRejections (node:internal/process/task_queues:83:21) {
  config: {
    transitional: {
      silentJSONParsing: true,
      forcedJSONParsing: true,
      clarifyTimeoutError: false
    },
    adapter: [Function: httpAdapter],
    transformRequest: [ [Function: transformRequest] ],
    transformResponse: [ [Function: transformResponse] ],
    timeout: 0,
    xsrfCookieName: 'XSRF-TOKEN',
    xsrfHeaderName: 'X-XSRF-TOKEN',
    maxContentLength: -1,
    maxBodyLength: -1,
    validateStatus: [Function: validateStatus],
    headers: {
      Accept: 'application/json, text/plain, */*',
      Authorization: 'Bearer BQDMjLVtREF4KthIl-IFxZ5R1lkEyKdGJAuhRlu8bLyay9GbmS4EPgyeiH31MmsAJwFydr0SbOGA5C7-wd8',
      'User-Agent': 'axios/0.26.1'
    },
    method: 'get',
    url: 'https://api.spotify.com/v1/playlists/3uNpmBF6Fa1s7inNW23mqO/tracks?limit=50&offset=0',
    data: undefined
  },
  request: <ref *1> ClientRequest {
    _events: [Object: null prototype] {
      abort: [Function (anonymous)],
      aborted: [Function (anonymous)],
      connect: [Function (anonymous)],
      error: [Function (anonymous)],
      socket: [Function (anonymous)],
      timeout: [Function (anonymous)],
      prefinish: [Function: requestOnPrefinish]
    },
    _eventsCount: 7,
    _maxListeners: undefined,
    outputData: [],
    outputSize: 0,
    writable: true,
    destroyed: false,
    _last: true,
    chunkedEncoding: false,
    shouldKeepAlive: false,
    maxRequestsOnConnectionReached: false,
    _defaultKeepAlive: true,
    useChunkedEncodingByDefault: false,
    sendDate: false,
    _removedConnection: false,
    _removedContLen: false,
    _removedTE: false,
    _contentLength: 0,
    _hasBody: true,
    _trailer: '',
    finished: true,
    _headerSent: true,
    _closed: false,
    socket: TLSSocket {
      _tlsOptions: [Object],
      _secureEstablished: true,
      _securePending: false,
      _newSessionPending: false,
      _controlReleased: true,
      secureConnecting: false,
      _SNICallback: null,
      servername: 'api.spotify.com',
      alpnProtocol: false,
      authorized: true,
      authorizationError: null,
      encrypted: true,
      _events: [Object: null prototype],
      _eventsCount: 10,
      connecting: false,
      _hadError: false,
      _parent: null,
      _host: 'api.spotify.com',
      _readableState: [ReadableState],
      _maxListeners: undefined,
      _writableState: [WritableState],
      allowHalfOpen: false,
      _sockname: null,
      _pendingData: null,
      _pendingEncoding: '',
      server: undefined,
      _server: null,
      ssl: [TLSWrap],
      _requestCert: true,
      _rejectUnauthorized: true,
      parser: null,
      _httpMessage: [Circular *1],
      [Symbol(res)]: [TLSWrap],
      [Symbol(verified)]: true,
      [Symbol(pendingSession)]: null,
      [Symbol(async_id_symbol)]: 36024,
      [Symbol(kHandle)]: [TLSWrap],
      [Symbol(kSetNoDelay)]: false,
      [Symbol(lastWriteQueueSize)]: 0,
      [Symbol(timeout)]: null,
      [Symbol(kBuffer)]: null,
      [Symbol(kBufferCb)]: null,
      [Symbol(kBufferGen)]: null,
      [Symbol(kCapture)]: false,
      [Symbol(kBytesRead)]: 0,
      [Symbol(kBytesWritten)]: 0,
      [Symbol(connect-options)]: [Object],
      [Symbol(RequestTimeout)]: undefined
    },
    _header: 'GET /v1/playlists/3uNpmBF6Fa1s7inNW23mqO/tracks?limit=50&offset=0 HTTP/1.1\r\n' +
      'Accept: application/json, text/plain, */*\r\n' +
      'Authorization: Bearer BQDMjLVtREF4KthIl-IFxZ5R1lkEyKdGJAuhRlu8bLyay9GbmS4EPgyeiH31MmsAJwFydr0SbOGA5C7-wd8\r\n' +
      'User-Agent: axios/0.26.1\r\n' +
      'Host: api.spotify.com\r\n' +
      'Connection: close\r\n' +
      '\r\n',
    _keepAliveTimeout: 0,
    _onPendingData: [Function: nop],
    agent: Agent {
      _events: [Object: null prototype],
      _eventsCount: 2,
      _maxListeners: undefined,
      defaultPort: 443,
      protocol: 'https:',
      options: [Object: null prototype],
      requests: [Object: null prototype] {},
      sockets: [Object: null prototype],
      freeSockets: [Object: null prototype] {},
      keepAliveMsecs: 1000,
      keepAlive: false,
      maxSockets: Infinity,
      maxFreeSockets: 256,
      scheduling: 'lifo',
      maxTotalSockets: Infinity,
      totalSocketCount: 22,
      maxCachedSessions: 100,
      _sessionCache: [Object],
      [Symbol(kCapture)]: false
    },
    socketPath: undefined,
    method: 'GET',
    maxHeaderSize: undefined,
    insecureHTTPParser: undefined,
    path: '/v1/playlists/3uNpmBF6Fa1s7inNW23mqO/tracks?limit=50&offset=0',
    _ended: true,
    res: IncomingMessage {
      _readableState: [ReadableState],
      _events: [Object: null prototype],
      _eventsCount: 4,
      _maxListeners: undefined,
      socket: [TLSSocket],
      httpVersionMajor: 1,
      httpVersionMinor: 1,
      httpVersion: '1.1',
      complete: true,
      rawHeaders: [Array],
      rawTrailers: [],
      aborted: false,
      upgrade: false,
      url: '',
      method: null,
      statusCode: 429,
      statusMessage: 'Too Many Requests',
      client: [TLSSocket],
      _consuming: false,
      _dumped: false,
      req: [Circular *1],
      responseUrl: 'https://api.spotify.com/v1/playlists/3uNpmBF6Fa1s7inNW23mqO/tracks?limit=50&offset=0',
      redirects: [],
      [Symbol(kCapture)]: false,
      [Symbol(kHeaders)]: [Object],
      [Symbol(kHeadersCount)]: 32,
      [Symbol(kTrailers)]: null,
      [Symbol(kTrailersCount)]: 0,
      [Symbol(RequestTimeout)]: undefined
    },
    aborted: false,
    timeoutCb: null,
    upgradeOrConnect: false,
    parser: null,
    maxHeadersCount: null,
    reusedSocket: false,
    host: 'api.spotify.com',
    protocol: 'https:',
    _redirectable: Writable {
      _writableState: [WritableState],
      _events: [Object: null prototype],
      _eventsCount: 3,
      _maxListeners: undefined,
      _options: [Object],
      _ended: true,
      _ending: true,
      _redirectCount: 0,
      _redirects: [],
      _requestBodyLength: 0,
      _requestBodyBuffers: [],
      _onNativeResponse: [Function (anonymous)],
      _currentRequest: [Circular *1],
      _currentUrl: 'https://api.spotify.com/v1/playlists/3uNpmBF6Fa1s7inNW23mqO/tracks?limit=50&offset=0',
      [Symbol(kCapture)]: false
    },
    [Symbol(kCapture)]: false,
    [Symbol(kNeedDrain)]: false,
    [Symbol(corked)]: 0,
    [Symbol(kOutHeaders)]: [Object: null prototype] {
      accept: [Array],
      authorization: [Array],
      'user-agent': [Array],
      host: [Array]
    }
  },
  response: {
    status: 429,
    statusText: 'Too Many Requests',
    headers: {
      'access-control-allow-origin': '*',
      'access-control-allow-headers': 'Accept, App-Platform, Authorization, Content-Type, Origin, Retry-After, Spotify-App-Version, X-Cloud-Trace-Context, client-token, content-access-token',
      'access-control-allow-methods': 'GET, POST, OPTIONS, PUT, DELETE, PATCH',
      'access-control-allow-credentials': 'true',
      'access-control-max-age': '604800',
      'retry-after': '1',
      'access-control-expose-headers': 'Retry-After',
      'content-length': '80',
      'strict-transport-security': 'max-age=31536000',
      'x-content-type-options': 'nosniff',
      vary: 'Accept-Encoding',
      date: 'Sun, 17 Apr 2022 01:35:42 GMT',
      server: 'envoy',
      via: 'HTTP/2 edgeproxy, 1.1 google',
      'alt-svc': 'clear',
      connection: 'close'
    },
    config: {
      transitional: [Object],
      adapter: [Function: httpAdapter],
      transformRequest: [Array],
      transformResponse: [Array],
      timeout: 0,
      xsrfCookieName: 'XSRF-TOKEN',
      xsrfHeaderName: 'X-XSRF-TOKEN',
      maxContentLength: -1,
      maxBodyLength: -1,
      validateStatus: [Function: validateStatus],
      headers: [Object],
      method: 'get',
      url: 'https://api.spotify.com/v1/playlists/3uNpmBF6Fa1s7inNW23mqO/tracks?limit=50&offset=0',
      data: undefined
    },
    request: <ref *1> ClientRequest {
      _events: [Object: null prototype],
      _eventsCount: 7,
      _maxListeners: undefined,
      outputData: [],
      outputSize: 0,
      writable: true,
      destroyed: false,
      _last: true,
      chunkedEncoding: false,
      shouldKeepAlive: false,
      maxRequestsOnConnectionReached: false,
      _defaultKeepAlive: true,
      useChunkedEncodingByDefault: false,
      sendDate: false,
      _removedConnection: false,
      _removedContLen: false,
      _removedTE: false,
      _contentLength: 0,
      _hasBody: true,
      _trailer: '',
      finished: true,
      _headerSent: true,
      _closed: false,
      socket: [TLSSocket],
      _header: 'GET /v1/playlists/3uNpmBF6Fa1s7inNW23mqO/tracks?limit=50&offset=0 HTTP/1.1\r\n' +
        'Accept: application/json, text/plain, */*\r\n' +
        'Authorization: Bearer BQDMjLVtREF4KthIl-IFxZ5R1lkEyKdGJAuhRlu8bLyay9GbmS4EPgyeiH31MmsAJwFydr0SbOGA5C7-wd8\r\n' +
        'User-Agent: axios/0.26.1\r\n' +
        'Host: api.spotify.com\r\n' +
        'Connection: close\r\n' +
        '\r\n',
      _keepAliveTimeout: 0,
      _onPendingData: [Function: nop],
      agent: [Agent],
      socketPath: undefined,
      method: 'GET',
      maxHeaderSize: undefined,
      insecureHTTPParser: undefined,
      path: '/v1/playlists/3uNpmBF6Fa1s7inNW23mqO/tracks?limit=50&offset=0',
      _ended: true,
      res: [IncomingMessage],
      aborted: false,
      timeoutCb: null,
      upgradeOrConnect: false,
      parser: null,
      maxHeadersCount: null,
      reusedSocket: false,
      host: 'api.spotify.com',
      protocol: 'https:',
      _redirectable: [Writable],
      [Symbol(kCapture)]: false,
      [Symbol(kNeedDrain)]: false,
      [Symbol(corked)]: 0,
      [Symbol(kOutHeaders)]: [Object: null prototype]
    },
    data: { error: [Object] }
  },
  isAxiosError: true,
  toJSON: [Function: toJSON]
}
